<?xml version="1.0" encoding="UTF-8"?>
<testsuite name="com.ilcarro.qa11.test.OpenHomePageTest" tests="1" skipped="0" failures="0" errors="0" timestamp="2021-01-20T20:10:12" hostname="anastassmacbook.lan" time="0.254">
  <properties/>
  <testcase name="homePageTest" classname="com.ilcarro.qa11.test.OpenHomePageTest" time="0.254"/>
  <system-out><![CDATA[21:10:12.968 [Test worker] INFO  com.ilcarro.qa11.test.TestBase - Start test homePageTest with data: []
21:10:12.992 [Test worker] INFO  com.ilcarro.qa11.test.TestBase - Start search By.cssSelector: body
21:10:13.021 [Test worker] INFO  com.ilcarro.qa11.test.TestBase - By.cssSelector: bodyfound.
21:10:13.084 [Test worker] INFO  com.ilcarro.qa11.test.TestBase - Start search By.xpath: //a[contains(text(),'New York')]
21:10:13.100 [Test worker] INFO  com.ilcarro.qa11.test.TestBase - By.xpath: //a[contains(text(),'New York')]found.
21:10:13.174 [Test worker] INFO  com.ilcarro.qa11.test.TestBase - Start search By.cssSelector: .facebook
21:10:13.202 [Test worker] INFO  com.ilcarro.qa11.test.TestBase - By.cssSelector: .facebookfound.
21:10:13.249 [Test worker] INFO  com.ilcarro.qa11.test.TestBase - Passed: test method homePageTest
21:10:13.250 [Test worker] INFO  com.ilcarro.qa11.test.TestBase - ==============================
]]></system-out>
  <system-err><![CDATA[]]></system-err>
</testsuite>
